2025-10-24 21:34:39 INFO  [ldk_node::builder:1466] Successfully migrated OutputSweeper data.
2025-10-24 21:34:39 INFO  [ldk_node:242] Starting up LDK Node with node ID 02e3f6035a285b30e36ad104f55f049290bfaf64120d4f9118a731a60bc0967c4e on network: bitcoin
2025-10-24 21:34:39 INFO  [ldk_node::chain:1220] Fee rate cache update finished in 77ms.
2025-10-24 21:34:39 INFO  [ldk_node:649] Startup complete.
2025-10-24 21:34:39 INFO  [ldk_node::connection:66] Connecting to peer: 034066e29e402d9cf55af1ae1026cc5adf92eed1e0e421785442f53717ad1453b0@64.23.159.177:9735
2025-10-24 21:34:39 DEBUG [lightning::ln::peer_handler:1511] Finished noise handshake for connection with 034066e29e402d9cf55af1ae1026cc5adf92eed1e0e421785442f53717ad1453b0
2025-10-24 21:34:39 INFO  [lightning::ln::peer_handler:1705] Received peer Init message from 034066e29e402d9cf55af1ae1026cc5adf92eed1e0e421785442f53717ad1453b0: DataLossProtect: required, InitialRoutingSync: not supported, UpfrontShutdownScript: supported, GossipQueries: supported, VariableLengthOnion: required, StaticRemoteKey: required, PaymentSecret: required, BasicMPP: supported, Wumbo: supported, AnchorsNonzeroFeeHtlcTx: not supported, AnchorsZeroFeeHtlcTx: supported, RouteBlinding: supported, ShutdownAnySegwit: supported, DualFund: not supported, Taproot: supported, OnionMessages: supported, ChannelType: supported, SCIDPrivacy: supported, ZeroConf: supported, Trampoline: not supported, unknown flags: supported
2025-10-24 21:34:39 DEBUG [lightning::ln::channelmanager:11997] Generating channel_reestablish events for 034066e29e402d9cf55af1ae1026cc5adf92eed1e0e421785442f53717ad1453b0
2025-10-24 21:34:39 INFO  [ldk_node::payment::bolt11:749] Connected to LSP 034066e29e402d9cf55af1ae1026cc5adf92eed1e0e421785442f53717ad1453b0@64.23.159.177:9735. 
2025-10-24 21:34:39 DEBUG [lightning::chain::chainmonitor:730] New best block 00000000000000000001919cbe3706c1936982702513b8b80c8e061b7dcd6aed at height 920619 provided via best_block_updated
2025-10-24 21:34:39 DEBUG [lightning_transaction_sync::esplora:248] Finished transaction sync at tip 00000000000000000001919cbe3706c1936982702513b8b80c8e061b7dcd6aed in 128ms: 0 confirmed, 0 unconfirmed.
2025-10-24 21:34:39 INFO  [ldk_node::chain:873] Sync of Lightning wallet finished in 128ms.
2025-10-24 21:34:39 INFO  [ldk_node::chain:720] Sync of on-chain wallet finished in 338ms.
2025-10-24 21:34:39 DEBUG [ldk_node::liquidity:1044] Choosing cheapest liquidity offer, will pay 13126000msat in total LSP fees
2025-10-24 21:34:39 INFO  [ldk_node::liquidity:1061] JIT-channel invoice created: lnbc250u1p50hu80dpvd4skuatpdskkxmrpd9kj6ar9wd6z66r5d33j66r0d3jqpp5ercqedyxzlltamr9dgxa5u089e9senmf2trnnkty7fu3yku0eh3qsp5fts8ucpdh85fvckk7dd00alv9sauaa06ydml4448g5tdtdzxexjs9qyysgqcqzzsxqrrssrzjqdqxdc57gqkeea267xhpqfkvtt0e9mk3urjzz7z5gt6nw9adz3fmpaf54umj7jv4kcqqqqqqqqqqqqqqjq5yyyldl5zfs2emd8wre86xcdgz3jzjwljs6706dkcyq8evhzs7csnmc8x64tle32esr6c0xzkydenzku7l3pzcjls7ydsv62hkc5j2gq50qlu5
2025-10-24 21:34:51 DEBUG [lightning::ln::peer_handler:1610] Error handling message from 034066e29e402d9cf55af1ae1026cc5adf92eed1e0e421785442f53717ad1453b0; ignoring: No existing channels for node_announcement
2025-10-24 21:34:55 DEBUG [lightning::ln::peer_handler:1610] Error handling message from 034066e29e402d9cf55af1ae1026cc5adf92eed1e0e421785442f53717ad1453b0; ignoring: No existing channels for node_announcement
2025-10-24 21:34:55 DEBUG [lightning::ln::peer_handler:1610] Error handling message from 034066e29e402d9cf55af1ae1026cc5adf92eed1e0e421785442f53717ad1453b0; ignoring: No existing channels for node_announcement
2025-10-24 21:34:55 DEBUG [lightning::ln::peer_handler:1610] Error handling message from 034066e29e402d9cf55af1ae1026cc5adf92eed1e0e421785442f53717ad1453b0; ignoring: No existing channels for node_announcement
2025-10-24 21:35:01 DEBUG [lightning::ln::peer_handler:1610] Error handling message from 034066e29e402d9cf55af1ae1026cc5adf92eed1e0e421785442f53717ad1453b0; ignoring: No existing channels for node_announcement
2025-10-24 21:35:01 DEBUG [lightning::ln::peer_handler:1610] Error handling message from 034066e29e402d9cf55af1ae1026cc5adf92eed1e0e421785442f53717ad1453b0; ignoring: No existing channels for node_announcement
2025-10-24 21:35:35 DEBUG [lightning::ln::peer_handler:1610] Error handling message from 034066e29e402d9cf55af1ae1026cc5adf92eed1e0e421785442f53717ad1453b0; ignoring: No existing channels for node_announcement
2025-10-24 21:35:39 DEBUG [lightning_transaction_sync::esplora:248] Finished transaction sync at tip 00000000000000000001919cbe3706c1936982702513b8b80c8e061b7dcd6aed in 16ms: 0 confirmed, 0 unconfirmed.
2025-10-24 21:35:39 INFO  [ldk_node::chain:873] Sync of Lightning wallet finished in 16ms.
2025-10-24 21:36:39 INFO  [ldk_node::chain:709] Incremental sync of on-chain wallet finished in 50ms.
2025-10-24 21:36:39 DEBUG [lightning_transaction_sync::esplora:248] Finished transaction sync at tip 00000000000000000001919cbe3706c1936982702513b8b80c8e061b7dcd6aed in 17ms: 0 confirmed, 0 unconfirmed.
2025-10-24 21:36:39 INFO  [ldk_node::chain:873] Sync of Lightning wallet finished in 17ms.
2025-10-24 21:36:42 DEBUG [lightning::ln::peer_handler:1610] Error handling message from 034066e29e402d9cf55af1ae1026cc5adf92eed1e0e421785442f53717ad1453b0; ignoring: No existing channels for node_announcement
2025-10-24 21:36:42 DEBUG [lightning::ln::peer_handler:1610] Error handling message from 034066e29e402d9cf55af1ae1026cc5adf92eed1e0e421785442f53717ad1453b0; ignoring: No existing channels for node_announcement
2025-10-24 21:36:45 DEBUG [lightning::ln::peer_handler:1610] Error handling message from 034066e29e402d9cf55af1ae1026cc5adf92eed1e0e421785442f53717ad1453b0; ignoring: No existing channels for node_announcement
2025-10-24 21:36:45 DEBUG [lightning::ln::peer_handler:1610] Error handling message from 034066e29e402d9cf55af1ae1026cc5adf92eed1e0e421785442f53717ad1453b0; ignoring: No existing channels for node_announcement
2025-10-24 21:37:08 INFO  [ldk_node::event:1178] Accepting inbound 0conf Anchor channel of 275000sats from trusted peer 034066e29e402d9cf55af1ae1026cc5adf92eed1e0e421785442f53717ad1453b0
2025-10-24 21:37:08 DEBUG [lightning::ln::peer_handler:2164] Handling SendAcceptChannel event in peer_handler for node 034066e29e402d9cf55af1ae1026cc5adf92eed1e0e421785442f53717ad1453b0 for channel 1c9923e9ae45454e72efb0f341980f3ff8141ff3c6d762834fd615996a95d3f3
2025-10-24 21:37:08 INFO  [lightning::ln::channel:8757] Generated funding_signed for peer for channel e7d643c0119af2cb5ad80fa0c5f6114d2901a0666a466a6bf1bfa916c82d4782
2025-10-24 21:37:08 INFO  [lightning::chain::chainmonitor:784] Persistence of new ChannelMonitor for channel e7d643c0119af2cb5ad80fa0c5f6114d2901a0666a466a6bf1bfa916c82d4782 completed
2025-10-24 21:37:08 DEBUG [lightning::ln::channel:6024] Restored monitor updating in channel e7d643c0119af2cb5ad80fa0c5f6114d2901a0666a466a6bf1bfa916c82d4782 resulting in no commitment update and no RAA, with commitment first
2025-10-24 21:37:08 DEBUG [lightning::ln::peer_handler:2197] Handling SendFundingSigned event in peer_handler for node 034066e29e402d9cf55af1ae1026cc5adf92eed1e0e421785442f53717ad1453b0 for channel e7d643c0119af2cb5ad80fa0c5f6114d2901a0666a466a6bf1bfa916c82d4782
2025-10-24 21:37:08 DEBUG [lightning::ln::peer_handler:2203] Handling SendChannelReady event in peer_handler for node 034066e29e402d9cf55af1ae1026cc5adf92eed1e0e421785442f53717ad1453b0 for channel e7d643c0119af2cb5ad80fa0c5f6114d2901a0666a466a6bf1bfa916c82d4782
2025-10-24 21:37:08 INFO  [ldk_node::event:1294] New channel e7d643c0119af2cb5ad80fa0c5f6114d2901a0666a466a6bf1bfa916c82d4782 with counterparty 034066e29e402d9cf55af1ae1026cc5adf92eed1e0e421785442f53717ad1453b0 has been created and is pending confirmation on chain.
2025-10-24 21:37:08 INFO  [lightning::ln::channel:4777] Received channel_ready from peer for channel e7d643c0119af2cb5ad80fa0c5f6114d2901a0666a466a6bf1bfa916c82d4782
2025-10-24 21:37:08 INFO  [ldk_node::event:1351] Channel e7d643c0119af2cb5ad80fa0c5f6114d2901a0666a466a6bf1bfa916c82d4782 with counterparty 034066e29e402d9cf55af1ae1026cc5adf92eed1e0e421785442f53717ad1453b0 ready to be used.
2025-10-24 21:37:08 DEBUG [lightning::ln::channel:5241] Received valid commitment_signed from peer in channel e7d643c0119af2cb5ad80fa0c5f6114d2901a0666a466a6bf1bfa916c82d4782, updating HTLC state and responding with our own commitment_signed and a revoke_and_ack.
2025-10-24 21:37:08 INFO  [lightning::chain::channelmonitor:3253] Applying update to monitor e7d643c0119af2cb5ad80fa0c5f6114d2901a0666a466a6bf1bfa916c82d4782, bringing update_id from 0 to 1 with 2 change(s).
2025-10-24 21:37:08 DEBUG [lightning::chain::chainmonitor:854] Persistence of ChannelMonitorUpdate id 1 for channel e7d643c0119af2cb5ad80fa0c5f6114d2901a0666a466a6bf1bfa916c82d4782 completed
2025-10-24 21:37:08 DEBUG [lightning::ln::channel:6024] Restored monitor updating in channel e7d643c0119af2cb5ad80fa0c5f6114d2901a0666a466a6bf1bfa916c82d4782 resulting in a commitment update and an RAA, with RAA first
2025-10-24 21:37:08 DEBUG [lightning::ln::peer_handler:2322] Handling SendRevokeAndACK event in peer_handler for node 034066e29e402d9cf55af1ae1026cc5adf92eed1e0e421785442f53717ad1453b0 for channel e7d643c0119af2cb5ad80fa0c5f6114d2901a0666a466a6bf1bfa916c82d4782
2025-10-24 21:37:08 DEBUG [lightning::ln::peer_handler:2297] Handling UpdateHTLCs event in peer_handler for node 034066e29e402d9cf55af1ae1026cc5adf92eed1e0e421785442f53717ad1453b0 with 0 adds, 0 fulfills, 0 fails for channel e7d643c0119af2cb5ad80fa0c5f6114d2901a0666a466a6bf1bfa916c82d4782
2025-10-24 21:37:09 DEBUG [lightning::ln::channel:5672] Received a valid revoke_and_ack for channel e7d643c0119af2cb5ad80fa0c5f6114d2901a0666a466a6bf1bfa916c82d4782 with no reply necessary. Releasing monitor update.
2025-10-24 21:37:09 INFO  [lightning::chain::channelmonitor:3253] Applying update to monitor e7d643c0119af2cb5ad80fa0c5f6114d2901a0666a466a6bf1bfa916c82d4782, bringing update_id from 1 to 2 with 1 change(s).
2025-10-24 21:37:09 DEBUG [lightning::chain::chainmonitor:854] Persistence of ChannelMonitorUpdate id 2 for channel e7d643c0119af2cb5ad80fa0c5f6114d2901a0666a466a6bf1bfa916c82d4782 completed
2025-10-24 21:37:09 DEBUG [lightning::ln::channel:6024] Restored monitor updating in channel e7d643c0119af2cb5ad80fa0c5f6114d2901a0666a466a6bf1bfa916c82d4782 resulting in no commitment update and no RAA, with RAA first
2025-10-24 21:37:09 INFO  [ldk_node::event:722] Received payment from payment hash c8f00cb48617febeec656a0dda71e72e4b0ccf6952c739d964f279125b8fcde2 of 11874000msat
2025-10-24 21:37:09 ERROR [ldk_node::event:828] Failed to claim payment with ID c8f00cb48617febeec656a0dda71e72e4b0ccf6952c739d964f279125b8fcde2: preimage unknown.
2025-10-24 21:37:09 DEBUG [lightning::ln::channel:5382] Freeing holding cell in channel e7d643c0119af2cb5ad80fa0c5f6114d2901a0666a466a6bf1bfa916c82d4782 resulted in 0 HTLCs added, 0 HTLCs fulfilled, and 1 HTLCs failed.
2025-10-24 21:37:09 INFO  [lightning::chain::channelmonitor:3253] Applying update to monitor e7d643c0119af2cb5ad80fa0c5f6114d2901a0666a466a6bf1bfa916c82d4782, bringing update_id from 2 to 3 with 1 change(s).
2025-10-24 21:37:09 DEBUG [lightning::chain::chainmonitor:854] Persistence of ChannelMonitorUpdate id 3 for channel e7d643c0119af2cb5ad80fa0c5f6114d2901a0666a466a6bf1bfa916c82d4782 completed
2025-10-24 21:37:09 DEBUG [lightning::ln::channel:6024] Restored monitor updating in channel e7d643c0119af2cb5ad80fa0c5f6114d2901a0666a466a6bf1bfa916c82d4782 resulting in a commitment update and no RAA, with RAA first
2025-10-24 21:37:09 DEBUG [lightning::ln::peer_handler:2297] Handling UpdateHTLCs event in peer_handler for node 034066e29e402d9cf55af1ae1026cc5adf92eed1e0e421785442f53717ad1453b0 with 0 adds, 0 fulfills, 1 fails for channel e7d643c0119af2cb5ad80fa0c5f6114d2901a0666a466a6bf1bfa916c82d4782
2025-10-24 21:37:09 DEBUG [lightning::ln::channel:5672] Received a valid revoke_and_ack for channel e7d643c0119af2cb5ad80fa0c5f6114d2901a0666a466a6bf1bfa916c82d4782 with no reply necessary. Releasing monitor update.
2025-10-24 21:37:09 INFO  [lightning::chain::channelmonitor:3253] Applying update to monitor e7d643c0119af2cb5ad80fa0c5f6114d2901a0666a466a6bf1bfa916c82d4782, bringing update_id from 3 to 4 with 1 change(s).
2025-10-24 21:37:09 DEBUG [lightning::chain::chainmonitor:854] Persistence of ChannelMonitorUpdate id 4 for channel e7d643c0119af2cb5ad80fa0c5f6114d2901a0666a466a6bf1bfa916c82d4782 completed
2025-10-24 21:37:09 DEBUG [lightning::ln::channel:6024] Restored monitor updating in channel e7d643c0119af2cb5ad80fa0c5f6114d2901a0666a466a6bf1bfa916c82d4782 resulting in no commitment update and no RAA, with RAA first
2025-10-24 21:37:09 DEBUG [lightning::ln::channel:5241] Received valid commitment_signed from peer in channel e7d643c0119af2cb5ad80fa0c5f6114d2901a0666a466a6bf1bfa916c82d4782, updating HTLC state and responding with a revoke_and_ack.
2025-10-24 21:37:09 INFO  [lightning::chain::channelmonitor:3253] Applying update to monitor e7d643c0119af2cb5ad80fa0c5f6114d2901a0666a466a6bf1bfa916c82d4782, bringing update_id from 4 to 5 with 1 change(s).
2025-10-24 21:37:09 DEBUG [lightning::chain::chainmonitor:854] Persistence of ChannelMonitorUpdate id 5 for channel e7d643c0119af2cb5ad80fa0c5f6114d2901a0666a466a6bf1bfa916c82d4782 completed
2025-10-24 21:37:09 DEBUG [lightning::ln::channel:6024] Restored monitor updating in channel e7d643c0119af2cb5ad80fa0c5f6114d2901a0666a466a6bf1bfa916c82d4782 resulting in no commitment update and an RAA, with commitment first
2025-10-24 21:37:09 DEBUG [lightning::ln::peer_handler:2322] Handling SendRevokeAndACK event in peer_handler for node 034066e29e402d9cf55af1ae1026cc5adf92eed1e0e421785442f53717ad1453b0 for channel e7d643c0119af2cb5ad80fa0c5f6114d2901a0666a466a6bf1bfa916c82d4782
2025-10-24 21:37:09 DEBUG [lightning::ln::channelmanager:9435] Received channel_update ChannelUpdate { signature: 3045022100a3d264d2c3a55a7f470b9226ddcb6920a38e27b08cc205f7383409ad4e69ad150220774affa104d3dc7c30ffe2f3cec8ba38e44c97f5e410aef7d308f5611dccc77f, contents: UnsignedChannelUpdate { chain_hash: 6fe28c0ab6f1b372c1a6a246ae63f74f931e8365e15a089c68d6190000000000, short_channel_id: 953285377436614656, timestamp: 1761341829, message_flags: 1, channel_flags: 1, cltv_expiry_delta: 144, htlc_minimum_msat: 1000, htlc_maximum_msat: 275000000, fee_base_msat: 0, fee_proportional_millionths: 0, excess_data: [] } } for channel e7d643c0119af2cb5ad80fa0c5f6114d2901a0666a466a6bf1bfa916c82d4782.
2025-10-24 21:37:39 DEBUG [lightning_transaction_sync::esplora:248] Finished transaction sync at tip 00000000000000000001919cbe3706c1936982702513b8b80c8e061b7dcd6aed in 91ms: 0 confirmed, 0 unconfirmed.
2025-10-24 21:37:39 INFO  [ldk_node::chain:873] Sync of Lightning wallet finished in 92ms.
2025-10-24 21:38:39 DEBUG [lightning_transaction_sync::esplora:248] Finished transaction sync at tip 00000000000000000001919cbe3706c1936982702513b8b80c8e061b7dcd6aed in 28ms: 0 confirmed, 0 unconfirmed.
2025-10-24 21:38:39 INFO  [ldk_node::chain:873] Sync of Lightning wallet finished in 28ms.
2025-10-24 21:38:39 INFO  [ldk_node::chain:709] Incremental sync of on-chain wallet finished in 81ms.
2025-10-24 21:39:39 INFO  [ldk_node::chain:1220] Fee rate cache update finished in 15ms.
2025-10-24 21:39:39 DEBUG [lightning_transaction_sync::esplora:248] Finished transaction sync at tip 00000000000000000001919cbe3706c1936982702513b8b80c8e061b7dcd6aed in 21ms: 0 confirmed, 0 unconfirmed.
2025-10-24 21:39:39 INFO  [ldk_node::chain:873] Sync of Lightning wallet finished in 21ms.
2025-10-24 21:40:39 INFO  [ldk_node::chain:709] Incremental sync of on-chain wallet finished in 48ms.
2025-10-24 21:40:39 DEBUG [lightning_transaction_sync::esplora:248] Finished transaction sync at tip 00000000000000000001919cbe3706c1936982702513b8b80c8e061b7dcd6aed in 67ms: 0 confirmed, 0 unconfirmed.
2025-10-24 21:40:39 INFO  [ldk_node::chain:873] Sync of Lightning wallet finished in 67ms.
2025-10-24 21:41:39 DEBUG [lightning_transaction_sync::esplora:248] Finished transaction sync at tip 00000000000000000001919cbe3706c1936982702513b8b80c8e061b7dcd6aed in 28ms: 0 confirmed, 0 unconfirmed.
2025-10-24 21:41:39 INFO  [ldk_node::chain:873] Sync of Lightning wallet finished in 29ms.
2025-10-24 21:42:39 DEBUG [lightning_transaction_sync::esplora:248] Finished transaction sync at tip 00000000000000000001919cbe3706c1936982702513b8b80c8e061b7dcd6aed in 24ms: 0 confirmed, 0 unconfirmed.
2025-10-24 21:42:39 INFO  [ldk_node::chain:873] Sync of Lightning wallet finished in 25ms.
2025-10-24 21:42:39 INFO  [ldk_node::chain:709] Incremental sync of on-chain wallet finished in 89ms.


2025-10-24 21:43:15 INFO  [lightning::ln::channelmanager:13630] Successfully loaded channel e7d643c0119af2cb5ad80fa0c5f6114d2901a0666a466a6bf1bfa916c82d4782 at update_id 5 against monitor at update id 5 with 0 blocked updates
2025-10-24 21:43:15 INFO  [lightning::chain::chainmonitor:784] Persistence of new ChannelMonitor for channel e7d643c0119af2cb5ad80fa0c5f6114d2901a0666a466a6bf1bfa916c82d4782 completed
2025-10-24 21:43:15 INFO  [ldk_node::builder:1466] Successfully migrated OutputSweeper data.
2025-10-24 21:43:15 INFO  [ldk_node:242] Starting up LDK Node with node ID 02e3f6035a285b30e36ad104f55f049290bfaf64120d4f9118a731a60bc0967c4e on network: bitcoin
2025-10-24 21:43:15 INFO  [ldk_node::chain:1220] Fee rate cache update finished in 77ms.
2025-10-24 21:43:15 INFO  [ldk_node:649] Startup complete.
2025-10-24 21:43:15 INFO  [ldk_node::connection:66] Connecting to peer: 034066e29e402d9cf55af1ae1026cc5adf92eed1e0e421785442f53717ad1453b0@64.23.159.177:9735
2025-10-24 21:43:15 INFO  [ldk_node::chain:709] Incremental sync of on-chain wallet finished in 60ms.
2025-10-24 21:43:15 DEBUG [lightning::ln::peer_handler:1511] Finished noise handshake for connection with 034066e29e402d9cf55af1ae1026cc5adf92eed1e0e421785442f53717ad1453b0
2025-10-24 21:43:15 INFO  [lightning::ln::peer_handler:1705] Received peer Init message from 034066e29e402d9cf55af1ae1026cc5adf92eed1e0e421785442f53717ad1453b0: DataLossProtect: required, InitialRoutingSync: not supported, UpfrontShutdownScript: supported, GossipQueries: supported, VariableLengthOnion: required, StaticRemoteKey: required, PaymentSecret: required, BasicMPP: supported, Wumbo: supported, AnchorsNonzeroFeeHtlcTx: not supported, AnchorsZeroFeeHtlcTx: supported, RouteBlinding: supported, ShutdownAnySegwit: supported, DualFund: not supported, Taproot: supported, OnionMessages: supported, ChannelType: supported, SCIDPrivacy: supported, ZeroConf: supported, Trampoline: not supported, unknown flags: supported
2025-10-24 21:43:15 DEBUG [lightning::ln::channelmanager:11997] Generating channel_reestablish events for 034066e29e402d9cf55af1ae1026cc5adf92eed1e0e421785442f53717ad1453b0
2025-10-24 21:43:15 DEBUG [lightning::ln::peer_handler:2340] Handling SendChannelReestablish event in peer_handler for node 034066e29e402d9cf55af1ae1026cc5adf92eed1e0e421785442f53717ad1453b0 for channel e7d643c0119af2cb5ad80fa0c5f6114d2901a0666a466a6bf1bfa916c82d4782
2025-10-24 21:43:15 INFO  [ldk_node::payment::bolt11:749] Connected to LSP 034066e29e402d9cf55af1ae1026cc5adf92eed1e0e421785442f53717ad1453b0@64.23.159.177:9735. 
2025-10-24 21:43:15 DEBUG [lightning::ln::channel:7318] Not producing channel_ready: we do not need a commitment update
2025-10-24 21:43:15 DEBUG [lightning::chain::chainmonitor:730] New best block 00000000000000000000ca9eb408891190c271f09eae83c0b1d3d5e6bd099e96 at height 920620 provided via best_block_updated
2025-10-24 21:43:15 DEBUG [lightning_transaction_sync::esplora:248] Finished transaction sync at tip 00000000000000000000ca9eb408891190c271f09eae83c0b1d3d5e6bd099e96 in 182ms: 0 confirmed, 0 unconfirmed.
2025-10-24 21:43:15 INFO  [ldk_node::chain:873] Sync of Lightning wallet finished in 182ms.
2025-10-24 21:43:15 DEBUG [ldk_node::liquidity:1044] Choosing cheapest liquidity offer, will pay 13126000msat in total LSP fees
2025-10-24 21:43:15 INFO  [ldk_node::liquidity:1061] JIT-channel invoice created: lnbc250u1p50huhndpvd4skuatpdskkxmrpd9kj6ar9wd6z66r5d33j66r0d3jqpp53c2qk30xs54xpz28mk8xt9l5pwsh3nydtmk4z99ty0f2tg463qrqsp5xnuwwrnx3kdyyke05s67hd0v04k64fmdfxctw9vlpyasukkz55fq9qyysgqcqzzsxqrrssrzjqdqxdc57gqkeea267xhpqfkvtt0e9mk3urjzz7z5gt6nw9adz3fmpavdvp74nezwvuqqqqqqqqqqqqqqjqgmqp7nf36nz8hgkcaedw5ls23xa5ad97rqctt5n5kwtua33zh9jh7860ls8fwhfcylkl4pf9qau3t7hnslzrflyhg3p0sjneavahkkgq5hsl7k
2025-10-24 21:44:00 INFO  [ldk_node::event:1178] Accepting inbound 0conf Anchor channel of 275000sats from trusted peer 034066e29e402d9cf55af1ae1026cc5adf92eed1e0e421785442f53717ad1453b0
2025-10-24 21:44:00 DEBUG [lightning::ln::peer_handler:2164] Handling SendAcceptChannel event in peer_handler for node 034066e29e402d9cf55af1ae1026cc5adf92eed1e0e421785442f53717ad1453b0 for channel 971f9a99083dd4819b2313fdf8697c0387f47fd6b1640babdef2ed89a6cbc00d
2025-10-24 21:44:13 DEBUG [lightning::ln::peer_handler:1610] Error handling message from 034066e29e402d9cf55af1ae1026cc5adf92eed1e0e421785442f53717ad1453b0; ignoring: No existing channels for node_announcement
2025-10-24 21:44:13 DEBUG [lightning::ln::peer_handler:1610] Error handling message from 034066e29e402d9cf55af1ae1026cc5adf92eed1e0e421785442f53717ad1453b0; ignoring: No existing channels for node_announcement
2025-10-24 21:44:15 DEBUG [lightning_transaction_sync::esplora:248] Finished transaction sync at tip 00000000000000000000ca9eb408891190c271f09eae83c0b1d3d5e6bd099e96 in 17ms: 0 confirmed, 0 unconfirmed.
2025-10-24 21:44:15 INFO  [ldk_node::chain:873] Sync of Lightning wallet finished in 17ms.
2025-10-24 21:44:17 DEBUG [lightning::ln::peer_handler:1610] Error handling message from 034066e29e402d9cf55af1ae1026cc5adf92eed1e0e421785442f53717ad1453b0; ignoring: No existing channels for node_announcement
2025-10-24 21:44:17 DEBUG [lightning::ln::peer_handler:1610] Error handling message from 034066e29e402d9cf55af1ae1026cc5adf92eed1e0e421785442f53717ad1453b0; ignoring: No existing channels for node_announcement
2025-10-24 21:44:17 INFO  [lightning::ln::channel:8757] Generated funding_signed for peer for channel 866324fa79d0efcd44be2bed6171ae902ee51e7c1a937ad7c8b7a1ca68d783e2
2025-10-24 21:44:17 INFO  [lightning::chain::chainmonitor:784] Persistence of new ChannelMonitor for channel 866324fa79d0efcd44be2bed6171ae902ee51e7c1a937ad7c8b7a1ca68d783e2 completed
2025-10-24 21:44:17 DEBUG [lightning::ln::channel:6024] Restored monitor updating in channel 866324fa79d0efcd44be2bed6171ae902ee51e7c1a937ad7c8b7a1ca68d783e2 resulting in no commitment update and no RAA, with commitment first
2025-10-24 21:44:17 DEBUG [lightning::ln::peer_handler:2197] Handling SendFundingSigned event in peer_handler for node 034066e29e402d9cf55af1ae1026cc5adf92eed1e0e421785442f53717ad1453b0 for channel 866324fa79d0efcd44be2bed6171ae902ee51e7c1a937ad7c8b7a1ca68d783e2
2025-10-24 21:44:17 DEBUG [lightning::ln::peer_handler:2203] Handling SendChannelReady event in peer_handler for node 034066e29e402d9cf55af1ae1026cc5adf92eed1e0e421785442f53717ad1453b0 for channel 866324fa79d0efcd44be2bed6171ae902ee51e7c1a937ad7c8b7a1ca68d783e2
2025-10-24 21:44:17 INFO  [lightning::ln::channel:4777] Received channel_ready from peer for channel 866324fa79d0efcd44be2bed6171ae902ee51e7c1a937ad7c8b7a1ca68d783e2
2025-10-24 21:44:17 DEBUG [lightning::ln::channel:5241] Received valid commitment_signed from peer in channel 866324fa79d0efcd44be2bed6171ae902ee51e7c1a937ad7c8b7a1ca68d783e2, updating HTLC state and responding with our own commitment_signed and a revoke_and_ack.
2025-10-24 21:44:17 INFO  [lightning::chain::channelmonitor:3253] Applying update to monitor 866324fa79d0efcd44be2bed6171ae902ee51e7c1a937ad7c8b7a1ca68d783e2, bringing update_id from 0 to 1 with 2 change(s).
2025-10-24 21:44:17 DEBUG [lightning::chain::chainmonitor:854] Persistence of ChannelMonitorUpdate id 1 for channel 866324fa79d0efcd44be2bed6171ae902ee51e7c1a937ad7c8b7a1ca68d783e2 completed
2025-10-24 21:44:17 DEBUG [lightning::ln::channel:6024] Restored monitor updating in channel 866324fa79d0efcd44be2bed6171ae902ee51e7c1a937ad7c8b7a1ca68d783e2 resulting in a commitment update and an RAA, with RAA first
2025-10-24 21:44:17 DEBUG [lightning::ln::peer_handler:2322] Handling SendRevokeAndACK event in peer_handler for node 034066e29e402d9cf55af1ae1026cc5adf92eed1e0e421785442f53717ad1453b0 for channel 866324fa79d0efcd44be2bed6171ae902ee51e7c1a937ad7c8b7a1ca68d783e2
2025-10-24 21:44:17 DEBUG [lightning::ln::peer_handler:2297] Handling UpdateHTLCs event in peer_handler for node 034066e29e402d9cf55af1ae1026cc5adf92eed1e0e421785442f53717ad1453b0 with 0 adds, 0 fulfills, 0 fails for channel 866324fa79d0efcd44be2bed6171ae902ee51e7c1a937ad7c8b7a1ca68d783e2
2025-10-24 21:44:17 DEBUG [lightning::ln::channel:5672] Received a valid revoke_and_ack for channel 866324fa79d0efcd44be2bed6171ae902ee51e7c1a937ad7c8b7a1ca68d783e2 with no reply necessary. Releasing monitor update.
2025-10-24 21:44:17 INFO  [lightning::chain::channelmonitor:3253] Applying update to monitor 866324fa79d0efcd44be2bed6171ae902ee51e7c1a937ad7c8b7a1ca68d783e2, bringing update_id from 1 to 2 with 1 change(s).
2025-10-24 21:44:17 DEBUG [lightning::chain::chainmonitor:854] Persistence of ChannelMonitorUpdate id 2 for channel 866324fa79d0efcd44be2bed6171ae902ee51e7c1a937ad7c8b7a1ca68d783e2 completed
2025-10-24 21:44:17 DEBUG [lightning::ln::channel:6024] Restored monitor updating in channel 866324fa79d0efcd44be2bed6171ae902ee51e7c1a937ad7c8b7a1ca68d783e2 resulting in no commitment update and no RAA, with RAA first
2025-10-24 21:44:18 DEBUG [lightning::ln::channelmanager:9435] Received channel_update ChannelUpdate { signature: 304402206fdbb2fd6dc259f9f3b7c4bb5b08f9887434da8762ef93eff9c80e5329f91459022054da919b91835836025669479f683f08c1560245a28e609708586784a770a632, contents: UnsignedChannelUpdate { chain_hash: 6fe28c0ab6f1b372c1a6a246ae63f74f931e8365e15a089c68d6190000000000, short_channel_id: 616580832100810756, timestamp: 1761342258, message_flags: 1, channel_flags: 1, cltv_expiry_delta: 144, htlc_minimum_msat: 1000, htlc_maximum_msat: 275000000, fee_base_msat: 0, fee_proportional_millionths: 0, excess_data: [] } } for channel 866324fa79d0efcd44be2bed6171ae902ee51e7c1a937ad7c8b7a1ca68d783e2.
2025-10-24 21:44:29 INFO  [ldk_node::event:1294] New channel 866324fa79d0efcd44be2bed6171ae902ee51e7c1a937ad7c8b7a1ca68d783e2 with counterparty 034066e29e402d9cf55af1ae1026cc5adf92eed1e0e421785442f53717ad1453b0 has been created and is pending confirmation on chain.
2025-10-24 21:44:29 INFO  [ldk_node::event:1351] Channel 866324fa79d0efcd44be2bed6171ae902ee51e7c1a937ad7c8b7a1ca68d783e2 with counterparty 034066e29e402d9cf55af1ae1026cc5adf92eed1e0e421785442f53717ad1453b0 ready to be used.
2025-10-24 21:44:29 INFO  [ldk_node::event:722] Received payment from payment hash 8e140b45e6852a608947dd8e6597f40ba178cc8d5eed5114ab23d2a5a2ba8806 of 11874000msat
2025-10-24 21:44:29 ERROR [ldk_node::event:828] Failed to claim payment with ID 8e140b45e6852a608947dd8e6597f40ba178cc8d5eed5114ab23d2a5a2ba8806: preimage unknown.
2025-10-24 21:44:30 DEBUG [lightning::ln::channel:5382] Freeing holding cell in channel 866324fa79d0efcd44be2bed6171ae902ee51e7c1a937ad7c8b7a1ca68d783e2 resulted in 0 HTLCs added, 0 HTLCs fulfilled, and 1 HTLCs failed.
2025-10-24 21:44:30 INFO  [lightning::chain::channelmonitor:3253] Applying update to monitor 866324fa79d0efcd44be2bed6171ae902ee51e7c1a937ad7c8b7a1ca68d783e2, bringing update_id from 2 to 3 with 1 change(s).
2025-10-24 21:44:30 DEBUG [lightning::chain::chainmonitor:854] Persistence of ChannelMonitorUpdate id 3 for channel 866324fa79d0efcd44be2bed6171ae902ee51e7c1a937ad7c8b7a1ca68d783e2 completed
2025-10-24 21:44:30 DEBUG [lightning::ln::channel:6024] Restored monitor updating in channel 866324fa79d0efcd44be2bed6171ae902ee51e7c1a937ad7c8b7a1ca68d783e2 resulting in a commitment update and no RAA, with RAA first
2025-10-24 21:44:30 DEBUG [lightning::ln::peer_handler:2297] Handling UpdateHTLCs event in peer_handler for node 034066e29e402d9cf55af1ae1026cc5adf92eed1e0e421785442f53717ad1453b0 with 0 adds, 0 fulfills, 1 fails for channel 866324fa79d0efcd44be2bed6171ae902ee51e7c1a937ad7c8b7a1ca68d783e2
2025-10-24 21:44:30 DEBUG [lightning::ln::channel:5672] Received a valid revoke_and_ack for channel 866324fa79d0efcd44be2bed6171ae902ee51e7c1a937ad7c8b7a1ca68d783e2 with no reply necessary. Releasing monitor update.
2025-10-24 21:44:30 INFO  [lightning::chain::channelmonitor:3253] Applying update to monitor 866324fa79d0efcd44be2bed6171ae902ee51e7c1a937ad7c8b7a1ca68d783e2, bringing update_id from 3 to 4 with 1 change(s).
2025-10-24 21:44:30 DEBUG [lightning::chain::chainmonitor:854] Persistence of ChannelMonitorUpdate id 4 for channel 866324fa79d0efcd44be2bed6171ae902ee51e7c1a937ad7c8b7a1ca68d783e2 completed
2025-10-24 21:44:30 DEBUG [lightning::ln::channel:6024] Restored monitor updating in channel 866324fa79d0efcd44be2bed6171ae902ee51e7c1a937ad7c8b7a1ca68d783e2 resulting in no commitment update and no RAA, with RAA first
2025-10-24 21:44:30 DEBUG [lightning::ln::channel:5241] Received valid commitment_signed from peer in channel 866324fa79d0efcd44be2bed6171ae902ee51e7c1a937ad7c8b7a1ca68d783e2, updating HTLC state and responding with a revoke_and_ack.
2025-10-24 21:44:30 INFO  [lightning::chain::channelmonitor:3253] Applying update to monitor 866324fa79d0efcd44be2bed6171ae902ee51e7c1a937ad7c8b7a1ca68d783e2, bringing update_id from 4 to 5 with 1 change(s).
2025-10-24 21:44:30 DEBUG [lightning::chain::chainmonitor:854] Persistence of ChannelMonitorUpdate id 5 for channel 866324fa79d0efcd44be2bed6171ae902ee51e7c1a937ad7c8b7a1ca68d783e2 completed
2025-10-24 21:44:30 DEBUG [lightning::ln::channel:6024] Restored monitor updating in channel 866324fa79d0efcd44be2bed6171ae902ee51e7c1a937ad7c8b7a1ca68d783e2 resulting in no commitment update and an RAA, with commitment first
2025-10-24 21:44:30 DEBUG [lightning::ln::peer_handler:2322] Handling SendRevokeAndACK event in peer_handler for node 034066e29e402d9cf55af1ae1026cc5adf92eed1e0e421785442f53717ad1453b0 for channel 866324fa79d0efcd44be2bed6171ae902ee51e7c1a937ad7c8b7a1ca68d783e2
2025-10-24 21:45:15 INFO  [ldk_node::chain:709] Incremental sync of on-chain wallet finished in 124ms.
2025-10-24 21:45:15 DEBUG [lightning_transaction_sync::esplora:248] Finished transaction sync at tip 00000000000000000000ca9eb408891190c271f09eae83c0b1d3d5e6bd099e96 in 116ms: 0 confirmed, 0 unconfirmed.
2025-10-24 21:45:15 INFO  [ldk_node::chain:873] Sync of Lightning wallet finished in 117ms.
2025-10-24 21:45:29 DEBUG [lightning::ln::channelmanager:6607] Disconnecting peer 034066e29e402d9cf55af1ae1026cc5adf92eed1e0e421785442f53717ad1453b0 due to not making any progress on channel e7d643c0119af2cb5ad80fa0c5f6114d2901a0666a466a6bf1bfa916c82d4782
2025-10-24 21:45:29 DEBUG [lightning::ln::channelmanager:11826] Marking channels with 034066e29e402d9cf55af1ae1026cc5adf92eed1e0e421785442f53717ad1453b0 disconnected and generating channel_updates.
2025-10-24 21:46:15 INFO  [ldk_node::connection:66] Connecting to peer: 034066e29e402d9cf55af1ae1026cc5adf92eed1e0e421785442f53717ad1453b0@64.23.159.177:9735
2025-10-24 21:46:15 DEBUG [lightning_transaction_sync::esplora:248] Finished transaction sync at tip 00000000000000000000ca9eb408891190c271f09eae83c0b1d3d5e6bd099e96 in 16ms: 0 confirmed, 0 unconfirmed.
2025-10-24 21:46:15 INFO  [ldk_node::chain:873] Sync of Lightning wallet finished in 16ms.
2025-10-24 21:46:15 DEBUG [lightning::ln::peer_handler:1511] Finished noise handshake for connection with 034066e29e402d9cf55af1ae1026cc5adf92eed1e0e421785442f53717ad1453b0
2025-10-24 21:46:15 INFO  [lightning::ln::peer_handler:1705] Received peer Init message from 034066e29e402d9cf55af1ae1026cc5adf92eed1e0e421785442f53717ad1453b0: DataLossProtect: required, InitialRoutingSync: not supported, UpfrontShutdownScript: supported, GossipQueries: supported, VariableLengthOnion: required, StaticRemoteKey: required, PaymentSecret: required, BasicMPP: supported, Wumbo: supported, AnchorsNonzeroFeeHtlcTx: not supported, AnchorsZeroFeeHtlcTx: supported, RouteBlinding: supported, ShutdownAnySegwit: supported, DualFund: not supported, Taproot: supported, OnionMessages: supported, ChannelType: supported, SCIDPrivacy: supported, ZeroConf: supported, Trampoline: not supported, unknown flags: supported
2025-10-24 21:46:15 DEBUG [lightning::ln::channelmanager:11997] Generating channel_reestablish events for 034066e29e402d9cf55af1ae1026cc5adf92eed1e0e421785442f53717ad1453b0
2025-10-24 21:46:15 DEBUG [lightning::ln::peer_handler:2340] Handling SendChannelReestablish event in peer_handler for node 034066e29e402d9cf55af1ae1026cc5adf92eed1e0e421785442f53717ad1453b0 for channel e7d643c0119af2cb5ad80fa0c5f6114d2901a0666a466a6bf1bfa916c82d4782
2025-10-24 21:46:15 DEBUG [lightning::ln::peer_handler:2340] Handling SendChannelReestablish event in peer_handler for node 034066e29e402d9cf55af1ae1026cc5adf92eed1e0e421785442f53717ad1453b0 for channel 866324fa79d0efcd44be2bed6171ae902ee51e7c1a937ad7c8b7a1ca68d783e2
2025-10-24 21:46:15 DEBUG [lightning::ln::channel:6441] Reconnected channel 866324fa79d0efcd44be2bed6171ae902ee51e7c1a937ad7c8b7a1ca68d783e2 with no loss
2025-10-24 21:46:20 DEBUG [lightning::ln::peer_handler:1610] Error handling message from 034066e29e402d9cf55af1ae1026cc5adf92eed1e0e421785442f53717ad1453b0; ignoring: No existing channels for node_announcement
2025-10-24 21:46:20 DEBUG [lightning::ln::peer_handler:1610] Error handling message from 034066e29e402d9cf55af1ae1026cc5adf92eed1e0e421785442f53717ad1453b0; ignoring: No existing channels for node_announcement
2025-10-24 21:46:20 DEBUG [lightning::ln::peer_handler:1610] Error handling message from 034066e29e402d9cf55af1ae1026cc5adf92eed1e0e421785442f53717ad1453b0; ignoring: No existing channels for node_announcement
2025-10-24 21:46:20 DEBUG [lightning::ln::peer_handler:1610] Error handling message from 034066e29e402d9cf55af1ae1026cc5adf92eed1e0e421785442f53717ad1453b0; ignoring: No existing channels for node_announcement
2025-10-24 21:47:15 DEBUG [lightning_transaction_sync::esplora:248] Finished transaction sync at tip 00000000000000000000ca9eb408891190c271f09eae83c0b1d3d5e6bd099e96 in 26ms: 0 confirmed, 0 unconfirmed.
2025-10-24 21:47:15 INFO  [ldk_node::chain:873] Sync of Lightning wallet finished in 26ms.
2025-10-24 21:47:15 INFO  [ldk_node::chain:709] Incremental sync of on-chain wallet finished in 124ms.
2025-10-24 21:47:29 DEBUG [lightning::ln::channelmanager:6607] Disconnecting peer 034066e29e402d9cf55af1ae1026cc5adf92eed1e0e421785442f53717ad1453b0 due to not making any progress on channel e7d643c0119af2cb5ad80fa0c5f6114d2901a0666a466a6bf1bfa916c82d4782
2025-10-24 21:47:29 DEBUG [lightning::ln::channelmanager:11826] Marking channels with 034066e29e402d9cf55af1ae1026cc5adf92eed1e0e421785442f53717ad1453b0 disconnected and generating channel_updates.
2025-10-24 21:48:15 INFO  [ldk_node::connection:66] Connecting to peer: 034066e29e402d9cf55af1ae1026cc5adf92eed1e0e421785442f53717ad1453b0@64.23.159.177:9735
2025-10-24 21:48:15 INFO  [ldk_node::chain:1220] Fee rate cache update finished in 19ms.
2025-10-24 21:48:15 DEBUG [lightning_transaction_sync::esplora:248] Finished transaction sync at tip 00000000000000000000ca9eb408891190c271f09eae83c0b1d3d5e6bd099e96 in 20ms: 0 confirmed, 0 unconfirmed.
2025-10-24 21:48:15 INFO  [ldk_node::chain:873] Sync of Lightning wallet finished in 20ms.
2025-10-24 21:48:15 DEBUG [lightning::ln::peer_handler:1511] Finished noise handshake for connection with 034066e29e402d9cf55af1ae1026cc5adf92eed1e0e421785442f53717ad1453b0
2025-10-24 21:48:15 INFO  [lightning::ln::peer_handler:1705] Received peer Init message from 034066e29e402d9cf55af1ae1026cc5adf92eed1e0e421785442f53717ad1453b0: DataLossProtect: required, InitialRoutingSync: not supported, UpfrontShutdownScript: supported, GossipQueries: supported, VariableLengthOnion: required, StaticRemoteKey: required, PaymentSecret: required, BasicMPP: supported, Wumbo: supported, AnchorsNonzeroFeeHtlcTx: not supported, AnchorsZeroFeeHtlcTx: supported, RouteBlinding: supported, ShutdownAnySegwit: supported, DualFund: not supported, Taproot: supported, OnionMessages: supported, ChannelType: supported, SCIDPrivacy: supported, ZeroConf: supported, Trampoline: not supported, unknown flags: supported
2025-10-24 21:48:15 DEBUG [lightning::ln::channelmanager:11997] Generating channel_reestablish events for 034066e29e402d9cf55af1ae1026cc5adf92eed1e0e421785442f53717ad1453b0
2025-10-24 21:48:15 DEBUG [lightning::ln::peer_handler:2340] Handling SendChannelReestablish event in peer_handler for node 034066e29e402d9cf55af1ae1026cc5adf92eed1e0e421785442f53717ad1453b0 for channel e7d643c0119af2cb5ad80fa0c5f6114d2901a0666a466a6bf1bfa916c82d4782
2025-10-24 21:48:15 DEBUG [lightning::ln::peer_handler:2340] Handling SendChannelReestablish event in peer_handler for node 034066e29e402d9cf55af1ae1026cc5adf92eed1e0e421785442f53717ad1453b0 for channel 866324fa79d0efcd44be2bed6171ae902ee51e7c1a937ad7c8b7a1ca68d783e2
2025-10-24 21:48:15 DEBUG [lightning::ln::channel:6441] Reconnected channel 866324fa79d0efcd44be2bed6171ae902ee51e7c1a937ad7c8b7a1ca68d783e2 with no loss
2025-10-24 21:48:20 DEBUG [lightning::ln::peer_handler:1610] Error handling message from 034066e29e402d9cf55af1ae1026cc5adf92eed1e0e421785442f53717ad1453b0; ignoring: No existing channels for node_announcement
2025-10-24 21:48:20 DEBUG [lightning::ln::peer_handler:1610] Error handling message from 034066e29e402d9cf55af1ae1026cc5adf92eed1e0e421785442f53717ad1453b0; ignoring: No existing channels for node_announcement
2025-10-24 21:48:20 DEBUG [lightning::ln::peer_handler:1610] Error handling message from 034066e29e402d9cf55af1ae1026cc5adf92eed1e0e421785442f53717ad1453b0; ignoring: No existing channels for node_announcement
2025-10-24 21:48:20 DEBUG [lightning::ln::peer_handler:1610] Error handling message from 034066e29e402d9cf55af1ae1026cc5adf92eed1e0e421785442f53717ad1453b0; ignoring: No existing channels for node_announcement
2025-10-24 21:49:15 INFO  [ldk_node::chain:709] Incremental sync of on-chain wallet finished in 91ms.
2025-10-24 21:49:15 DEBUG [lightning_transaction_sync::esplora:248] Finished transaction sync at tip 00000000000000000000ca9eb408891190c271f09eae83c0b1d3d5e6bd099e96 in 22ms: 0 confirmed, 0 unconfirmed.
2025-10-24 21:49:15 INFO  [ldk_node::chain:873] Sync of Lightning wallet finished in 22ms.
